<?xml version="1.0" encoding="UTF-8"?>
<!-- Generated by org.testng.reporters.JUnitReportReporter -->
<testsuite hostname="LAPTOP-1ILBQPGF" failures="0" tests="1" name="com.duan.checkconnectDTB.check" time="0.694" errors="0" timestamp="2023-08-23T22:32:40 ICT" skipped="0">
  <testcase classname="com.duan.checkconnectDTB.check" name="testDatabaseConnection" time="0.694"/>
</testsuite> <!-- com.duan.checkconnectDTB.check -->
